=============================================
Dataset: Epilepsy
Method:  TS-TCC
Mode:    supervised
=============================================
Data loaded ...
Training started ....

Epoch : 1
Train Loss     : 0.1859	 | 	Train Accuracy     : 0.9285
Valid Loss     : 0.6296	 | 	Valid Accuracy     : 0.8560

Epoch : 2
Train Loss     : 0.1375	 | 	Train Accuracy     : 0.9516
Valid Loss     : 0.3164	 | 	Valid Accuracy     : 0.9196

Epoch : 3
Train Loss     : 0.1259	 | 	Train Accuracy     : 0.9542
Valid Loss     : 0.2789	 | 	Valid Accuracy     : 0.9263

Epoch : 4
Train Loss     : 0.1065	 | 	Train Accuracy     : 0.9604
Valid Loss     : 0.1948	 | 	Valid Accuracy     : 0.9420

Epoch : 5
Train Loss     : 0.0971	 | 	Train Accuracy     : 0.9650
Valid Loss     : 0.2905	 | 	Valid Accuracy     : 0.9364

Epoch : 6
Train Loss     : 0.0900	 | 	Train Accuracy     : 0.9681
Valid Loss     : 0.1678	 | 	Valid Accuracy     : 0.9498

Epoch : 7
Train Loss     : 0.0817	 | 	Train Accuracy     : 0.9720
Valid Loss     : 0.2019	 | 	Valid Accuracy     : 0.9420

Epoch : 8
Train Loss     : 0.0776	 | 	Train Accuracy     : 0.9726
Valid Loss     : 0.1714	 | 	Valid Accuracy     : 0.9487

Epoch : 9
Train Loss     : 0.0722	 | 	Train Accuracy     : 0.9749
Valid Loss     : 0.2233	 | 	Valid Accuracy     : 0.9425

Epoch : 10
Train Loss     : 0.0726	 | 	Train Accuracy     : 0.9740
Valid Loss     : 0.1485	 | 	Valid Accuracy     : 0.9542

Epoch : 11
Train Loss     : 0.0681	 | 	Train Accuracy     : 0.9767
Valid Loss     : 0.1415	 | 	Valid Accuracy     : 0.9537

Epoch : 12
Train Loss     : 0.0626	 | 	Train Accuracy     : 0.9777
Valid Loss     : 0.1270	 | 	Valid Accuracy     : 0.9581

Epoch : 13
Train Loss     : 0.0597	 | 	Train Accuracy     : 0.9778
Valid Loss     : 0.1995	 | 	Valid Accuracy     : 0.9481

Epoch : 14
Train Loss     : 0.0619	 | 	Train Accuracy     : 0.9786
Valid Loss     : 0.1239	 | 	Valid Accuracy     : 0.9593

Epoch : 15
Train Loss     : 0.0603	 | 	Train Accuracy     : 0.9783
Valid Loss     : 0.0944	 | 	Valid Accuracy     : 0.9693

Epoch : 16
Train Loss     : 0.0640	 | 	Train Accuracy     : 0.9767
Valid Loss     : 0.1224	 | 	Valid Accuracy     : 0.9632

Epoch : 17
Train Loss     : 0.0546	 | 	Train Accuracy     : 0.9816
Valid Loss     : 0.1573	 | 	Valid Accuracy     : 0.9520

Epoch : 18
Train Loss     : 0.0540	 | 	Train Accuracy     : 0.9788
Valid Loss     : 0.1000	 | 	Valid Accuracy     : 0.9665

Epoch : 19
Train Loss     : 0.0493	 | 	Train Accuracy     : 0.9820
Valid Loss     : 0.1017	 | 	Valid Accuracy     : 0.9660

Epoch : 20
Train Loss     : 0.0496	 | 	Train Accuracy     : 0.9831
Valid Loss     : 0.1232	 | 	Valid Accuracy     : 0.9615

Epoch : 21
Train Loss     : 0.0509	 | 	Train Accuracy     : 0.9814
Valid Loss     : 0.1352	 | 	Valid Accuracy     : 0.9576

Epoch : 22
Train Loss     : 0.0475	 | 	Train Accuracy     : 0.9838
Valid Loss     : 0.1304	 | 	Valid Accuracy     : 0.9598

Epoch : 23
Train Loss     : 0.0445	 | 	Train Accuracy     : 0.9846
Valid Loss     : 0.0991	 | 	Valid Accuracy     : 0.9682

Epoch : 24
Train Loss     : 0.0468	 | 	Train Accuracy     : 0.9833
Valid Loss     : 0.1155	 | 	Valid Accuracy     : 0.9643

Epoch : 25
Train Loss     : 0.0458	 | 	Train Accuracy     : 0.9844
Valid Loss     : 0.1213	 | 	Valid Accuracy     : 0.9626

Epoch : 26
Train Loss     : 0.0454	 | 	Train Accuracy     : 0.9849
Valid Loss     : 0.1109	 | 	Valid Accuracy     : 0.9648

Epoch : 27
Train Loss     : 0.0374	 | 	Train Accuracy     : 0.9883
Valid Loss     : 0.1018	 | 	Valid Accuracy     : 0.9665

Epoch : 28
Train Loss     : 0.0384	 | 	Train Accuracy     : 0.9877
Valid Loss     : 0.1012	 | 	Valid Accuracy     : 0.9671

Epoch : 29
Train Loss     : 0.0374	 | 	Train Accuracy     : 0.9885
Valid Loss     : 0.1006	 | 	Valid Accuracy     : 0.9682

Epoch : 30
Train Loss     : 0.0380	 | 	Train Accuracy     : 0.9875
Valid Loss     : 0.1041	 | 	Valid Accuracy     : 0.9665

Epoch : 31
Train Loss     : 0.0392	 | 	Train Accuracy     : 0.9871
Valid Loss     : 0.1044	 | 	Valid Accuracy     : 0.9665

Epoch : 32
Train Loss     : 0.0373	 | 	Train Accuracy     : 0.9882
Valid Loss     : 0.0927	 | 	Valid Accuracy     : 0.9704

Epoch : 33
Train Loss     : 0.0364	 | 	Train Accuracy     : 0.9885
Valid Loss     : 0.0999	 | 	Valid Accuracy     : 0.9676

Epoch : 34
Train Loss     : 0.0358	 | 	Train Accuracy     : 0.9885
Valid Loss     : 0.0985	 | 	Valid Accuracy     : 0.9688

Epoch : 35
Train Loss     : 0.0361	 | 	Train Accuracy     : 0.9881
Valid Loss     : 0.0920	 | 	Valid Accuracy     : 0.9682

Epoch : 36
Train Loss     : 0.0354	 | 	Train Accuracy     : 0.9893
Valid Loss     : 0.0956	 | 	Valid Accuracy     : 0.9693

Epoch : 37
Train Loss     : 0.0366	 | 	Train Accuracy     : 0.9889
Valid Loss     : 0.0975	 | 	Valid Accuracy     : 0.9688

Epoch : 38
Train Loss     : 0.0355	 | 	Train Accuracy     : 0.9888
Valid Loss     : 0.0933	 | 	Valid Accuracy     : 0.9699

Epoch : 39
Train Loss     : 0.0366	 | 	Train Accuracy     : 0.9882
Valid Loss     : 0.0935	 | 	Valid Accuracy     : 0.9693

Epoch : 40
Train Loss     : 0.0363	 | 	Train Accuracy     : 0.9882
Valid Loss     : 0.0996	 | 	Valid Accuracy     : 0.9676

Evaluate on the Test set:
Test loss      :0.1050	 | Test Accuracy      : 0.9695

################## Training is Done! #########################
Training time is : 0:00:28.033385
